<?xml version="1.0" encoding="UTF-8"?>
<testsuite name="EvaluacionsControllerTest" tests="7" time="0.061337965" failures="6" errors="1" skipped="0" assertions="6" timestamp="2014-12-02T21:58:29-05:00">
  <testcase name="test_should_create_evaluacion" time="0.082457477" assertions="1">
    <failure type="Minitest::Assertion" message="&quot;Evaluacion.count&quot; didn't change by 1....">
"Evaluacion.count" didn't change by 1.
Expected: 3
  Actual: 2 (Minitest::Assertion)
/home/gustavo/repos/rails/modulo_seguimiento/implementacion/test/controllers/evaluacions_controller_test.rb:21    </failure>
  </testcase>
  <testcase name="test_should_destroy_evaluacion" time="0.015226932" assertions="1">
    <failure type="Minitest::Assertion" message="&quot;Evaluacion.count&quot; didn't change by -1....">
"Evaluacion.count" didn't change by -1.
Expected: 1
  Actual: 2 (Minitest::Assertion)
/home/gustavo/repos/rails/modulo_seguimiento/implementacion/test/controllers/evaluacions_controller_test.rb:55    </failure>
  </testcase>
  <testcase name="test_should_get_edit" time="0.006035827" assertions="1">
    <failure type="Minitest::Assertion" message="Expected response to be a &lt;success&gt;, but was &lt;302&gt;">
Expected response to be a &lt;success&gt;, but was &lt;302&gt; (Minitest::Assertion)
/home/gustavo/repos/rails/modulo_seguimiento/implementacion/test/controllers/evaluacions_controller_test.rb:40    </failure>
  </testcase>
  <testcase name="test_should_get_index" time="0.00599671" assertions="1">
    <failure type="Minitest::Assertion" message="Expected response to be a &lt;success&gt;, but was &lt;302&gt;">
Expected response to be a &lt;success&gt;, but was &lt;302&gt; (Minitest::Assertion)
/home/gustavo/repos/rails/modulo_seguimiento/implementacion/test/controllers/evaluacions_controller_test.rb:11    </failure>
  </testcase>
  <testcase name="test_should_get_new" time="0.007445292" assertions="1">
    <failure type="Minitest::Assertion" message="Expected response to be a &lt;success&gt;, but was &lt;302&gt;">
Expected response to be a &lt;success&gt;, but was &lt;302&gt; (Minitest::Assertion)
/home/gustavo/repos/rails/modulo_seguimiento/implementacion/test/controllers/evaluacions_controller_test.rb:17    </failure>
  </testcase>
  <testcase name="test_should_show_evaluacion" time="0.00778164" assertions="1">
    <failure type="Minitest::Assertion" message="Expected response to be a &lt;success&gt;, but was &lt;302&gt;">
Expected response to be a &lt;success&gt;, but was &lt;302&gt; (Minitest::Assertion)
/home/gustavo/repos/rails/modulo_seguimiento/implementacion/test/controllers/evaluacions_controller_test.rb:35    </failure>
  </testcase>
  <testcase name="test_should_update_evaluacion" time="0.010986315" assertions="0">
    <error type="ActionController::UrlGenerationError" message="ActionController::UrlGenerationError: No route matches {:action=&gt;&quot;show&quot;, :controller=&gt;&quot;evaluacions&quot;, :id=&gt;nil} missing required keys: [:id]...">
ActionController::UrlGenerationError: No route matches {:action=&gt;"show", :controller=&gt;"evaluacions", :id=&gt;nil} missing required keys: [:id]
    test/controllers/evaluacions_controller_test.rb:51:in `block in &lt;class:EvaluacionsControllerTest&gt;' (ActionController::UrlGenerationError)
/home/gustavo/.rbenv/versions/2.1.2/lib/ruby/gems/2.1.0/gems/actionpack-4.1.6/lib/action_dispatch/routing/route_set.rb:192    </error>
  </testcase>
</testsuite>
