<?xml version="1.0" encoding="UTF-8"?>
<testsuite name="UsersControllerTest" tests="6" time="0.068927962" failures="5" errors="1" skipped="0" assertions="5" timestamp="2014-12-02T21:58:28-05:00">
  <testcase name="test_should_destroy_user" time="0.058099561" assertions="1">
    <failure type="Minitest::Assertion" message="&quot;User.count&quot; didn't change by -1....">
"User.count" didn't change by -1.
Expected: 3
  Actual: 4 (Minitest::Assertion)
/home/gustavo/repos/rails/modulo_seguimiento/implementacion/test/controllers/users_controller_test.rb:39    </failure>
  </testcase>
  <testcase name="test_should_get_edit" time="0.00820844" assertions="1">
    <failure type="Minitest::Assertion" message="Expected response to be a &lt;success&gt;, but was &lt;302&gt;">
Expected response to be a &lt;success&gt;, but was &lt;302&gt; (Minitest::Assertion)
/home/gustavo/repos/rails/modulo_seguimiento/implementacion/test/controllers/users_controller_test.rb:27    </failure>
  </testcase>
  <testcase name="test_should_get_index" time="0.005992803" assertions="1">
    <failure type="Minitest::Assertion" message="Expected response to be a &lt;success&gt;, but was &lt;302&gt;">
Expected response to be a &lt;success&gt;, but was &lt;302&gt; (Minitest::Assertion)
/home/gustavo/repos/rails/modulo_seguimiento/implementacion/test/controllers/users_controller_test.rb:11    </failure>
  </testcase>
  <testcase name="test_should_get_new" time="0.007149027" assertions="1">
    <failure type="Minitest::Assertion" message="Expected response to be a &lt;success&gt;, but was &lt;302&gt;">
Expected response to be a &lt;success&gt;, but was &lt;302&gt; (Minitest::Assertion)
/home/gustavo/repos/rails/modulo_seguimiento/implementacion/test/controllers/users_controller_test.rb:17    </failure>
  </testcase>
  <testcase name="test_should_show_user" time="0.0091916" assertions="1">
    <failure type="Minitest::Assertion" message="Expected response to be a &lt;success&gt;, but was &lt;302&gt;">
Expected response to be a &lt;success&gt;, but was &lt;302&gt; (Minitest::Assertion)
/home/gustavo/repos/rails/modulo_seguimiento/implementacion/test/controllers/users_controller_test.rb:22    </failure>
  </testcase>
  <testcase name="test_should_update_user" time="0.006656713" assertions="0">
    <error type="ActionController::UrlGenerationError" message="ActionController::UrlGenerationError: No route matches {:action=&gt;&quot;show&quot;, :controller=&gt;&quot;users&quot;, :id=&gt;nil} missing required keys: [:id]...">
ActionController::UrlGenerationError: No route matches {:action=&gt;"show", :controller=&gt;"users", :id=&gt;nil} missing required keys: [:id]
    test/controllers/users_controller_test.rb:35:in `block in &lt;class:UsersControllerTest&gt;' (ActionController::UrlGenerationError)
/home/gustavo/.rbenv/versions/2.1.2/lib/ruby/gems/2.1.0/gems/actionpack-4.1.6/lib/action_dispatch/routing/route_set.rb:192    </error>
  </testcase>
</testsuite>
